<?xml version="1.0" encoding="UTF-8"?>
<!-- Generated by org.testng.reporters.JUnitReportReporter -->
<testsuite hostname="inbl01lap7162" failures="0" tests="1" name="testcases.LoginPageTest" time="7.115" errors="0" timestamp="2022-02-19T20:09:20 IST" skipped="0">
  <testcase classname="testcases.LoginPageTest" name="validateLoginnnn" time="7.115"/>
  <system-out/>
</testsuite> <!-- testcases.LoginPageTest -->
