<?xml version="1.0" encoding="UTF-8"?>
<!-- Generated by org.testng.reporters.JUnitReportReporter -->
<testsuite hostname="inbl01lap7162" failures="0" tests="1" name="testcases.InvalidDetails" time="6.903" errors="0" timestamp="2022-02-19T18:30:56 IST" skipped="0">
  <testcase classname="testcases.InvalidDetails" name="validateLoginnnn" time="6.903"/>
  <system-out/>
</testsuite> <!-- testcases.InvalidDetails -->
